{"ts":1680169596669,"frame":0,"xyzv":[[1.1662951891721415e-34,1.723017464121861e-34,1.068500372874088e-34,8.878369356600948e-35],[4.58962671824724e-35,5.267180112337209e-35,3.877031998271377e-34,1.401298464324817e-45]]}
{"ts":1680169596702,"frame":1,"xyzv":[[1.407047452480085e-34,9.782226363196768e-35,1.7004504980622173e-34,1.0760247994574229e-34],[2.4643203045798225e-35,9.404895546442068e-35,3.877031998271377e-34,1.401298464324817e-45]]}
{"ts":1680169596703,"frame":2,"xyzv":[[1.2039052686799449e-34,1.6101726467134359e-34,1.6402657612719672e-34,4.0818151675934903e-35],[3.6303739663970685e-35,7.787443444331299e-35,3.877031998271377e-34,1.401298464324817e-45]]}
{"ts":1680169596704,"frame":3,"xyzv":[[1.158779027783461e-34,1.3092419603056031e-34,1.8960576941969645e-34,1.4145634990743954e-34],[1.2791474682146294e-34,2.1219808207627963e-34,1.0233640300730268e-34,8.878404942855709e-35],[1.1512524201070924e-34,1.331803301441107e-34,1.091061140037741e-34,2.001589765840699e-34],[1.6327444341366277e-34,9.631803264321084e-35,1.2716144320535298e-34,1.143736373512782e-34]]}
{"ts":1680169600742,"frame":4,"xyzv":[[9.593091158859385e-35,1.2114422078496312e-34,9.44261525457341e-35,9.480163345121307e-35]]}
{"ts":1680169600875,"frame":5,"xyzv":[[1.6778752668079195e-34,1.0158346673317735e-34,9.932603544324373e-35,1.0384034701013402e-34]]}
{"ts":1680169600941,"frame":6,"xyzv":[[1.5349226411615779e-34,1.87349015416547e-34,7.900358056716804e-35,1.4521775963851556e-34]]}
{"ts":1680169601241,"frame":7,"xyzv":[[8.126058711793193e-35,6.170027502447142e-35,1.820813772746727e-34,8.99124723478799e-35]]}
{"ts":1680169601808,"frame":8,"xyzv":[[1.0308733037994955e-34,7.148044542049795e-35,1.02334841803868e-34,8.840738614106509e-35]]}
{"ts":1680169602175,"frame":9,"xyzv":[[1.5951264338172808e-34,6.508568727540259e-35,1.2490553868054299e-34,1.1662951891721415e-34]]}
{"ts":1680169603208,"frame":10,"xyzv":[[1.1963963393365867e-34,1.2264826810272764e-34,1.1437274195519066e-34,9.028830911590647e-35]]}
{"ts":1680169603276,"frame":11,"xyzv":[[1.5123647438571799e-34,1.6853973975038504e-34,1.422089532778913e-34,1.4597064999489281e-34]]}
{"ts":1680169604208,"frame":12,"xyzv":[[4.796510567146782e-35,8.314103943585551e-35,1.3543683159964573e-34,1.3393327789767305e-34]]}
{"ts":1680169604475,"frame":13,"xyzv":[[1.038406225166225e-34,1.1437351107747098e-34,1.0835450934434306e-34,9.932666681227981e-35],[1.971488156498773e-34,1.286683948206835e-34,1.158783160380788e-34,1.038404503250672e-34],[1.4220905659282447e-34,1.211436812514232e-34,1.3393378299290192e-34,9.593084845169024e-35]]}
{"ts":1680169604575,"frame":14,"xyzv":[[9.80908925027372e-45,3.363116314379561e-44,8.338762263076876e-38,8.338762263076876e-38],[6.391832928945891e-38,6.391832928945891e-38,6.428563203773387e-38,7.714283131280079e-38],[4.203895392974451e-45,1.793662034335766e-43,1.083524430456795e-34,1.7004402813632698e-34],[1.1362099954251538e-34,8.502197389013392e-35,1.0158268613146e-34,1.4070424015277963e-34],[9.932589768999949e-35,1.4371366640300296e-34,1.1362102250138942e-34,1.384476239028744e-34],[1.1512502390140586e-34,1.4897983517693873e-34,1.17382179684851e-34,1.0609768646457148e-34]]}
{"ts":1680169604608,"frame":15,"xyzv":[[8.314071227190045e-35,8.803138292120172e-35,1.6929227424421468e-34,9.480210410813088e-35]]}
{"ts":1680169604742,"frame":16,"xyzv":[[9.329747133907835e-35,1.4521850580192184e-34,1.083547044947724e-34,1.2264840585597188e-34]]}
{"ts":1680169604877,"frame":17,"xyzv":[[8.276531172248062e-35,1.030878239957414e-34,1.1888577930457176e-34,1.7531171219594935e-34]]}
{"ts":1680169604975,"frame":18,"xyzv":[[1.6101655294624836e-34,1.4220964204411248e-34,9.254553951569225e-35,1.0910689460549144e-34]]}
{"ts":1680169605042,"frame":19,"xyzv":[[1.8960531024221566e-34,1.0158432769095383e-34,8.840735744247254e-35,1.2490504506475114e-34],[1.1813517335616144e-34,1.0985963572918744e-34,6.771874296377793e-35,1.060972272870907e-34],[8.690279355004213e-35,1.2640912682082672e-34,6.997593892525264e-35,7.787423355316515e-35],[1.7004457914930392e-34,1.3543911600761266e-34,1.2866681065837477e-34,8.539815504127109e-35]]}
{"ts":1680169605142,"frame":20,"xyzv":[[7.33607657248958e-35,8.088401566593609e-35,1.1136216776126535e-34,8.126083966554637e-35],[2.878077670885589e-35,5.680921981402999e-35,3.877031998271377e-34,1.401298464324817e-45]]}
{"ts":1680169605308,"frame":21,"xyzv":[[1.67035393967258e-34,1.3393401258164232e-34,1.2716214345101118e-34,9.104055088409211e-35]]}
{"ts":1680169605375,"frame":22,"xyzv":[[1.2039214546861427e-34,9.066420328111815e-35,1.0760083838624846e-34,1.6026540746429811e-34]]}
{"ts":1680169605508,"frame":23,"xyzv":[[1.3242881732017582e-34,1.6402577256660534e-34,1.7531165479876425e-34,8.389346487503346e-35],[1.937433947402207e-35,9.254462690044918e-35,3.877031998271377e-34,1.401298464324817e-45]]}
{"ts":1680169605575,"frame":24,"xyzv":[[9.40501263669967e-35,1.5349405490833287e-34,1.3694326664031035e-34,6.057182914627458e-35],[4.194628473947296e-35,7.787442870359448e-35,3.877031998271377e-34,1.401298464324817e-45]]}
{"ts":1680169605808,"frame":25,"xyzv":[[8.991219684139142e-35,1.5650236765316528e-34,1.106113092652406e-34,6.207623232658671e-35],[3.3106638967770733e-35,8.238829831215952e-35,3.877031998271377e-34,1.401298464324817e-45]]}
{"ts":1680169605975,"frame":26,"xyzv":[[1.0835492260407577e-34,9.517861816294162e-35,1.249044481340261e-34,8.05082305553761e-35]]}
{"ts":1680169606043,"frame":27,"xyzv":[[9.555479357436029e-35,1.489799384918719e-34,9.216915173468872e-35,6.358091675310583e-35],[2.9344890593302627e-35,7.937881466475109e-35,3.877031998271377e-34,1.401298464324817e-45]]}
{"ts":1680169606208,"frame":28,"xyzv":[[6.094807343431536e-35,7.448949858901814e-35,9.141600883069704e-35,1.0835475041252047e-34]]}
{"ts":1680169606809,"frame":29,"xyzv":[[7.599421171412981e-35,7.862721000532005e-35,1.3844606269943972e-34,7.448984297212874e-35],[2.8028534940670255e-35,6.847035336292748e-35,3.877031998271377e-34,1.401298464324817e-45]]}
{"ts":1680169606842,"frame":30,"xyzv":[[1.407045730564532e-34,9.480227629968618e-35,9.631720612374542e-35,1.5725510877686128e-34],[1.587596841487287e-34,1.4672351739239602e-34,1.2340125029460105e-34,6.621387486626649e-35],[1.4597067295376685e-34,7.448960190395132e-35,1.6101647259018922e-34,1.5499818258215653e-34],[1.1813472565811767e-34,1.429614074156618e-34,1.0007989007233064e-34,1.0835469301533537e-34]]}
{"ts":1680169608042,"frame":31,"xyzv":[[9.104053940465509e-35,1.7380644805786074e-34,1.0835501443957193e-34,7.674674620795945e-35]]}
{"ts":1680169609042,"frame":32,"xyzv":[[1.2866697137049305e-34,1.0985937170213598e-34,8.351785769574728e-35,1.8960543651602287e-34]]}
{"ts":1680169613442,"frame":33,"xyzv":[[1.3543814025546598e-34,1.5048442202824318e-34,7.787526670249692e-35,1.083540157285512e-34]]}
{"ts":1680169620108,"frame":34,"xyzv":[[1.25657705832388e-34,1.407044008648979e-34,1.136206092416567e-34,6.997569211735672e-35],[2.3982339031219418e-35,1.0308643498386201e-34,3.877031998271377e-34,1.401298464324817e-45]]}
{"ts":1680169620275,"frame":35,"xyzv":[[1.1888739790519154e-34,2.001590913784401e-34,1.4296202730526086e-34,1.3618999746251145e-34]]}
{"ts":1680169620876,"frame":36,"xyzv":[[1.2565814205099474e-34,1.6101656442568538e-34,1.4973196789047268e-34,8.23892740643062e-35]]}
{"ts":1680169621108,"frame":37,"xyzv":[[1.4822750731297545e-34,8.765462779821356e-35,7.787480178529762e-35,1.2565802725662455e-34]]}
{"ts":1680169622143,"frame":38,"xyzv":[[1.5951279261440933e-34,1.2791527487556585e-34,1.5349328578605254e-34,1.542465894021625e-34]]}
{"ts":1680169622244,"frame":39,"xyzv":[[1.4145605144207702e-34,8.050835108946481e-35,7.448955598620324e-35,5.49291692764021e-35],[2.1631440730141374e-35,9.857230708796403e-35,3.877031998271377e-34,1.401298464324817e-45]]}
{"ts":1680169622342,"frame":40,"xyzv":[[1.444661434996475e-34,7.674625833188611e-35,1.4973196789047268e-34,7.035176995356071e-35],[3.461142096950452e-35,6.583703364750069e-35,3.877031998271377e-34,1.401298464324817e-45]]}
{"ts":1680169623409,"frame":41,"xyzv":[[1.700440970129491e-34,9.442633621672642e-35,1.4822612978053308e-34,8.539857978044082e-35],[2.0973161023821638e-35,6.169924761485815e-35,3.877031998271377e-34,1.401298464324817e-45]]}
{"ts":1680169623809,"frame":42,"xyzv":[[1.5876022368226864e-34,1.2716251079299582e-34,6.546190860456933e-35,1.0158391443122112e-34],[1.6477740018491042e-34,8.53981607809896e-35,1.091065846606919e-34,1.113635912114558e-34],[1.2415423248647446e-34,9.028816562294373e-35,1.6101731058909166e-34,1.1813489784967296e-34]]}
{"ts":1680169626576,"frame":43,"xyzv":[[8.163666495413593e-35,7.825160282603386e-35,5.492885933160257e-35,1.1587669743745902e-34],[5.116774806588906e-35,7.035134521439098e-35,3.877031998271377e-34,1.401298464324817e-45]]}
{"ts":1680169626743,"frame":44,"xyzv":[[1.3318165027936798e-34,1.1362116025463366e-34,1.0985875181253692e-34,9.706971765870102e-35]]}
{"ts":1680169626809,"frame":45,"xyzv":[[7.185629940768006e-35,1.2490545832448385e-34,8.276493290105897e-35,9.555431143800546e-35]]}
{"ts":1680169626876,"frame":46,"xyzv":[[8.615060343932308e-35,8.690274763229405e-35,1.5499861880076328e-34,1.0459206646393526e-34]]}
{"ts":1680169626943,"frame":47,"xyzv":[[1.4371329906101833e-34,1.3092380572970164e-34,1.7681637940331294e-34,1.1587833899695284e-34],[3.40471722016728e-35,8.803027515552932e-35,3.877031998271377e-34,1.401298464324817e-45]]}
{"ts":1680169626975,"frame":48,"xyzv":[[1.3167632874409426e-34,1.1512549455832367e-34,8.539796563056026e-35,1.3618959568221576e-34],[1.5499827441765268e-34,1.6176969585024005e-34,1.7230191860374139e-34,1.3694372581779114e-34],[1.414563269485655e-34,9.066455340394725e-35,9.329727618864902e-35,1.3092379425026462e-34]]}
{"ts":1680169628376,"frame":49,"xyzv":[[1.2340113550023085e-34,8.05083453497463e-35,1.4521858615798098e-34,1.249054927627949e-34]]}
{"ts":1680169631609,"frame":50,"xyzv":[[1.3167682235988611e-34,1.5424662384047356e-34,1.489795252321392e-34,2.4529913055822174e-34]]}
{"ts":1680169632376,"frame":51,"xyzv":[[1.3318089263652467e-34,9.932643722353942e-35,8.163690602231334e-35,1.4371309243115197e-34]]}
{"ts":1680169632543,"frame":52,"xyzv":[[1.3167589252548751e-34,1.7455878740126104e-34,8.201328806359836e-35,1.1211539102131617e-34]]}
{"ts":1680169632576,"frame":53,"xyzv":[[9.555449510899777e-35,8.201277722865098e-35,1.2716140876704192e-34,1.2866745350684788e-34]]}
{"ts":1680169634610,"frame":54,"xyzv":[[8.652622209804629e-35,1.3167622542916108e-34,9.066485186930977e-35,1.655306578832723e-34],[1.4973171534285824e-34,4.7589102451604457e-35,1.4521735785821987e-34,1.0760298504097116e-34],[7.862726166278664e-35,8.539773604181987e-35,9.329754021570047e-35,1.2039084829223104e-34]]}
{"ts":1680169634643,"frame":55,"xyzv":[[1.1136354529370772e-34,5.04155522154515e-35,6.546119687947411e-35,5.116744960052655e-35],[2.2289648689979736e-35,7.561718682437169e-35,3.877031998271377e-34,1.401298464324817e-45]]}
{"ts":1680169634677,"frame":56,"xyzv":[[1.0609738799920897e-34,1.331802727469256e-34,1.6477805451282054e-34,8.464608546464075e-35],[3.3858972571452527e-35,4.7964844514275623e-35,3.877031998271377e-34,1.401298464324817e-45]]}
{"ts":1680169635009,"frame":57,"xyzv":[[1.128687290757372e-34,1.5650281535120905e-34,1.1512529940789434e-34,1.4446578763709989e-34]]}
{"ts":1680169635509,"frame":58,"xyzv":[[9.555394409602083e-35,1.3318179951204923e-34,8.652643446763115e-35,1.2264819922610552e-34]]}
{"ts":1680169636680,"frame":59,"xyzv":[[1.798247151070194e-34,1.3694371433835412e-34,1.9263523876695626e-34,8.12609716790721e-35],[4.232244006187684e-35,6.771749170514277e-35,3.877031998271377e-34,1.401298464324817e-45]]}
{"ts":1680169636842,"frame":60,"xyzv":[[9.9327355578501e-35,5.831486851325876e-35,1.4897954819101324e-34,1.1512509277802798e-34]]}
{"ts":1680169637342,"frame":61,"xyzv":[[1.0384089802311097e-34,1.504846056992355e-34,1.7004518755946597e-34,7.561807648074072e-35]]}
{"ts":1680169637410,"frame":62,"xyzv":[[1.211445536886367e-34,9.555413924645016e-35,1.354386223918208e-34,7.59942059744113e-35],[2.2571856299813988e-35,8.276444502498563e-35,3.877031998271377e-34,1.401298464324817e-45]]}
{"ts":1680169637443,"frame":63,"xyzv":[[1.0233570276164447e-34,1.0534527824454906e-34,1.6929176914898581e-34,6.809523405971463e-35],[2.784007989297629e-35,6.58368097984788e-35,3.877031998271377e-34,1.401298464324817e-45]]}
{"ts":1680169637476,"frame":64,"xyzv":[[1.3242817447170272e-34,9.707049826041836e-35,1.5198867597587405e-34,7.93798133757718e-35],[4.777677976744033e-35,4.213454463673759e-35,3.877031998271377e-34,1.401298464324817e-45]]}
{"ts":1680169638409,"frame":65,"xyzv":[[8.727878529046847e-35,2.137005796700465e-34,9.179346993906191e-35,6.734254459348522e-35],[1.0233578311770361e-34,1.4145692387929052e-34,1.0158301903513358e-34,8.163658459807679e-35],[1.6402604807309381e-34,7.561809943961476e-35,8.915984027883559e-35,1.2415295826896527e-34],[1.5951234491636556e-34,1.1437337332422674e-34,7.674638460569333e-35,1.0308813394054093e-34]]}
{"ts":1680169638476,"frame":66,"xyzv":[[9.517840005363825e-35,1.2039193883874791e-34,7.411346093084372e-35,9.857390272970978e-35]]}
{"ts":1680169638609,"frame":67,"xyzv":[[1.4747428405292462e-34,1.2340182426645204e-34,1.6026448910933653e-34,1.4220887292183216e-34],[1.2490534353011365e-34,1.3543747444811883e-34,1.4145682056435735e-34,1.5198883668799233e-34],[1.9865507849898662e-34,9.104094118495078e-35,1.7681636792387592e-34,1.091071586325429e-34]]}
{"ts":1680169638743,"frame":68,"xyzv":[[1.2340106662360873e-34,6.696640362037762e-35,7.674655105753011e-35,1.1211501219989452e-34]]}
{"ts":1680169638777,"frame":69,"xyzv":[[8.840756407233889e-35,1.0158231878947537e-34,1.0233597826813295e-34,7.67469470981073e-35],[2.9344982428798785e-35,8.727814818171388e-35,3.877031998271377e-34,1.401298464324817e-45]]}
{"ts":1680169639142,"frame":70,"xyzv":[[7.637083482359224e-35,1.5574997091257988e-34,1.730546138096893e-34,7.260920698321284e-35]]}
{"ts":1680169639376,"frame":71,"xyzv":[[1.1136419962161785e-34,1.2189646829286726e-34,1.2415310750164652e-34,8.050824777453163e-35],[2.0408913690919548e-35,5.831350819997192e-35,3.877031998271377e-34,1.401298464324817e-45]]}
{"ts":1680169640042,"frame":72,"xyzv":[[1.5274135970238495e-34,1.5725548759828293e-34,1.218966634432966e-34,8.163690028259483e-35],[1.053440269859139e-34,1.0384043884563018e-34,1.3318182247092327e-34,6.245234460110176e-35],[9.48017080675537e-35,1.8734846440357004e-34,1.3393424217038271e-34,1.6101754017783206e-34]]}
{"ts":1680169640176,"frame":73,"xyzv":[[1.7756809885711418e-34,7.448998072537297e-35,1.2565853235185341e-34,8.502204276675604e-35]]}
{"ts":1680169640309,"frame":74,"xyzv":[[1.361900892980076e-34,1.6176975324742515e-34,1.023364718839248e-34,1.346852384196517e-34]]}
{"ts":1680169640542,"frame":75,"xyzv":[[9.517862964237864e-35,1.1061080417001172e-34,7.336119620378404e-35,1.2189545810240953e-34]]}
{"ts":1680169640942,"frame":76,"xyzv":[[1.3167585808717645e-34,9.480172528670923e-35,1.0459317996932617e-34,1.0760215852150574e-34]]}
{"ts":1680169642710,"frame":77,"xyzv":[[1.1963928955054808e-34,1.188866173034742e-34,1.7079733175243694e-34,9.631773417784833e-35],[4.5331840483366877e-35,6.358012467195146e-35,3.877031998271377e-34,1.401298464324817e-45]]}
{"ts":1680169642743,"frame":78,"xyzv":[[8.765500661963521e-35,1.4296060385507041e-34,1.5198914663279186e-34,9.367396243501506e-35]]}
{"ts":1680169642776,"frame":79,"xyzv":[[1.5800749403800966e-34,6.95997175960859e-35,9.93261387581769e-35,6.847068052688254e-35],[3.160192871251832e-35,6.395649523379946e-35,3.877031998271377e-34,1.401298464324817e-45]]}
{"ts":1680169642842,"frame":80,"xyzv":[[1.6854108284451635e-34,1.730533969893652e-34,1.2941993060349242e-34,1.7907286937941094e-34],[7.637083482359224e-35,9.442596887474179e-35,1.151253912433905e-34,1.4973173830173228e-34],[1.0083105851315492e-34,1.2415296974840229e-34,1.8433861341417698e-34,1.000796375247162e-34]]}
{"ts":1680169643043,"frame":81,"xyzv":[[1.753099328832113e-34,1.3468607641855415e-34,1.2866716652092238e-34,1.5800801061267555e-34]]}
{"ts":1680169643352,"frame":82,"xyzv":[[1.218963764573711e-34,6.508603165851318e-35,7.712282404416344e-35,1.3694231384703772e-34]]}
{"ts":1680169644143,"frame":83,"xyzv":[[9.857376497646554e-35,1.0985922246945472e-34,8.953568278658068e-35,9.179292466580347e-35]]}
{"ts":1680169644176,"frame":84,"xyzv":[[1.181338761797782e-34,1.1738245519133948e-34,1.775671805021526e-34,1.0985892400409221e-34]]}
{"ts":1680169645576,"frame":85,"xyzv":[[1.3318065156834726e-34,1.1286851096643382e-34,1.5198876781137021e-34,9.329754595541898e-35]]}
{"ts":1680169647909,"frame":86,"xyzv":[[8.652617618029821e-35,7.674614353751591e-35,1.3017182224884895e-34,1.820808033028217e-34],[1.0083212610079776e-34,1.1136414222443275e-34,8.427023147745864e-35,1.0910610252433708e-34],[1.2791497641020334e-34,1.5349340058042274e-34,1.1512495502478374e-34,1.1437339628310078e-34]]}
{"ts":1680169649209,"frame":87,"xyzv":[[1.3844765834118547e-34,4.627268653192773e-35,7.561812813820731e-35,1.0459189427237996e-34]]}
{"ts":1680169650409,"frame":88,"xyzv":[[1.3619047959886628e-34,1.2114389936072657e-34,1.4973207120540586e-34,8.238888950316603e-35]]}
{"ts":1680169650909,"frame":89,"xyzv":[[5.605762663403597e-35,9.932546147139274e-35,9.782135675644312e-35,1.1512494354534672e-34]]}
{"ts":1680169651409,"frame":90,"xyzv":[[9.329756891429302e-35,1.8810050528160783e-34,1.3920018135557809e-34,5.793821670520378e-35],[3.273041476874474e-35,4.1758222862496925e-35,3.877031998271377e-34,1.401298464324817e-45]]}
{"ts":1680169652110,"frame":91,"xyzv":[[8.013214123973509e-35,1.2791514860175863e-34,9.066459358197682e-35,9.104085508917313e-35]]}
{"ts":1680169652243,"frame":92,"xyzv":[[1.0158284684357828e-34,8.163677400878762e-35,1.4296141889509881e-34,1.4897947931439112e-34],[1.3919948110991988e-34,9.480231073799724e-35,1.7531059869055844e-34,1.324288058407388e-34],[7.862750273096405e-35,5.906678885720785e-35,6.771870852546687e-35,1.3919857423439532e-34]]}
{"ts":1680169652276,"frame":93,"xyzv":[[6.245222980673156e-35,8.615023609733845e-35,1.143732929681676e-34,9.555447788984224e-35]]}
{"ts":1680169652376,"frame":94,"xyzv":[[1.1587735176536915e-34,1.1813493228798402e-34,1.5800749403800966e-34,1.3694295669551082e-34]]}
{"ts":1680169655843,"frame":95,"xyzv":[[1.6402619730577507e-34,1.3543830096758425e-34,1.324289780322941e-34,8.615089042524858e-35],[2.332417411926988e-35,7.373670580785556e-35,3.877031998271377e-34,1.401298464324817e-45]]}
{"ts":1680169656009,"frame":96,"xyzv":[[1.429619928669498e-34,1.7079671186283787e-34,7.561840364469578e-35,1.2791444835610043e-34]]}
{"ts":1680169656276,"frame":97,"xyzv":[[8.916005838813896e-35,1.2490582566646848e-34,1.3393314014442882e-34,9.782214883759748e-35]]}
{"ts":1680169656443,"frame":98,"xyzv":[[8.991238625210225e-35,1.271617416707155e-34,1.7380575929163955e-34,2.016656297340379e-34]]}
{"ts":1680169656743,"frame":99,"xyzv":[[9.179357325399509e-35,1.0684909597357319e-34,1.407037580164248e-34,8.502208294478561e-35]]}
{"ts":1680169657643,"frame":100,"xyzv":[[1.068497388220463e-34,1.3769425141014233e-34,1.083536598660036e-34,9.367357213415639e-35]]}
{"ts":1680169658076,"frame":101,"xyzv":[[8.389345339559644e-35,9.857407492126507e-35,5.041546037995534e-35,1.226476596925656e-34]]}
{"ts":1680169662109,"frame":102,"xyzv":[[1.489800532862421e-34,1.7907322524195855e-34,1.5048482380853887e-34,1.0459293890114876e-34]]}
{"ts":1680169663143,"frame":103,"xyzv":[[1.3919874642595062e-34,1.4296121226523246e-34,1.331807319244064e-34,7.298527907969833e-35],[4.4391479441020106e-35,4.6084222874656004e-35,3.877031998271377e-34,1.401298464324817e-45]]}
{"ts":1680169664977,"frame":104,"xyzv":[[1.1662949595834011e-34,6.094750520218288e-35,1.677884794740646e-34,9.367392225698549e-35],[2.0314874142853765e-35,1.0684816613917459e-34,3.877031998271377e-34,1.401298464324817e-45]]}
{"ts":1680169668910,"frame":105,"xyzv":[[1.2415299270727633e-34,8.389393553195127e-35,1.053445435605798e-34,1.3017235030295186e-34]]}
{"ts":1680169671743,"frame":106,"xyzv":[[9.141725434961368e-35,8.878274077273684e-35,9.480202949179025e-35,1.2039197327705897e-34]]}
{"ts":1680169671776,"frame":107,"xyzv":[[1.4747539755831554e-34,1.5499789559623103e-34,8.953584923841746e-35,7.825157412744131e-35],[4.288664291196048e-35,8.201203680496321e-35,3.877031998271377e-34,1.401298464324817e-45]]}
{"ts":1680169673676,"frame":108,"xyzv":[[8.915969678587284e-35,1.730542579471417e-34,1.9564475685267575e-34,1.3694343883186565e-34]]}
{"ts":1680169676576,"frame":109,"xyzv":[[9.442614106629708e-35,1.1512482875097653e-34,1.316759499226726e-34,1.2791412693186388e-34]]}
{"ts":1680169678409,"frame":110,"xyzv":[[1.0158295015851146e-34,1.166304143133017e-34,1.5650305641938647e-34,1.3844783053274076e-34]]}
{"ts":1680169679810,"frame":111,"xyzv":[[1.2114393379903763e-34,1.565030793782605e-34,1.3242885175848688e-34,1.1813490932910998e-34]]}
{"ts":1680169680343,"frame":112,"xyzv":[[9.104067715789933e-35,1.595121382864992e-34,1.0835520959000126e-34,1.5650195439343257e-34]]}
{"ts":1680169682943,"frame":113,"xyzv":[[1.3919969921922326e-34,1.3393369115740577e-34,9.216915747440723e-35,9.631693061725695e-35]]}
{"ts":1680169683910,"frame":114,"xyzv":[[1.2565739588758846e-34,1.181347486169917e-34,1.0384048476337826e-34,7.110403468062039e-35]]}
{"ts":1680169684676,"frame":115,"xyzv":[[9.857407492126507e-35,1.0760215852150574e-34,1.8584290180011892e-34,8.803161250994212e-35]]}
{"ts":1680169687377,"frame":116,"xyzv":[[2.347655761900261e-34,1.5575100406191166e-34,8.577408364479383e-35,1.0685004876684583e-34]]}
{"ts":1680169687410,"frame":117,"xyzv":[[1.0158298459682252e-34,1.6402565777223514e-34,1.8659623985453994e-34,1.166298403414507e-34],[1.3995256661672647e-34,1.121157009661157e-34,1.2641042399720995e-34,1.3017135159193114e-34],[9.48017654647388e-35,1.038396352850388e-34,1.6327375464744159e-34,1.324278760063402e-34]]}
{"ts":1680169687911,"frame":118,"xyzv":[[1.0233503695429733e-34,7.825138471673049e-35,1.8659536741732644e-34,1.3092417307168627e-34]]}
{"ts":1680169693476,"frame":119,"xyzv":[[6.84714726080369e-35,1.647781463483167e-34,8.803151493472745e-35,5.191961675237155e-35],[3.9689395852938523e-35,7.486493931646754e-35,3.877031998271377e-34,1.401298464324817e-45]]}
{"ts":1680169696055,"frame":120,"xyzv":[[1.5198964024858371e-34,1.527416237294364e-34,1.4145707311197178e-34,1.5650211510555085e-34]]}
{"ts":1680169696177,"frame":121,"xyzv":[[1.4070411387897241e-34,1.4220929766100189e-34,1.369428304217036e-34,1.4597100585744042e-34]]}
{"ts":1680169696943,"frame":122,"xyzv":[[1.0835461265927624e-34,1.309225544710665e-34,8.276536337994721e-35,4.6084567257766597e-35],[3.3106455296778417e-35,8.163630335186981e-35,3.877031998271377e-34,1.401298464324817e-45]]}
{"ts":1680169697077,"frame":123,"xyzv":[[7.486565104156277e-35,1.4070366618092864e-34,1.8283440538429418e-34,1.1437364883071522e-34]]}
{"ts":1680169697111,"frame":124,"xyzv":[[1.1587766171016868e-34,1.1587745508030232e-34,1.0007896023793204e-34,7.637061097457036e-35]]}
{"ts":1680169699276,"frame":125,"xyzv":[[1.4822688742337638e-34,9.78223899057749e-35,1.1437297154393105e-34,1.0384104725579222e-34],[4.251048184983809e-35,5.906630672085302e-35,3.877031998271377e-34,1.401298464324817e-45]]}
{"ts":1680169704543,"frame":126,"xyzv":[[6.508525679651435e-35,6.358052645224715e-35,1.7907198546276042e-34,5.154418750435917e-35]]}
{"ts":1680169707845,"frame":127,"xyzv":[[8.615029349452355e-35,1.3919921708286843e-34,1.2641089465412776e-34,7.6746774906552e-35],[1.3995192376825336e-34,9.179335514469171e-35,1.0985947501706916e-34,1.6477745758209552e-34],[1.9035805136591165e-34,1.0384102429691819e-34,7.223285364052038e-35,1.1813485193192489e-34],[1.24904964708692e-34,7.148055447514964e-35,1.512364169885329e-34,1.5725641743268153e-34]]}
{"ts":1680169707910,"frame":128,"xyzv":[[1.3995227963080098e-34,9.028818284209926e-35,1.5349367608691121e-34,8.72792042899197e-35],[2.539553664948002e-35,4.4391089140161435e-35,3.877031998271377e-34,1.401298464324817e-45]]}
{"ts":1680169708343,"frame":129,"xyzv":[[9.480229351884171e-35,9.104014336407791e-35,1.1738265034176882e-34,1.6176915631670012e-34]]}
{"ts":1680169708646,"frame":130,"xyzv":[[1.4672225465432385e-34,1.5123687616601368e-34,1.4296062681394445e-34,1.7832070222756593e-34],[9.404983938107121e-35,1.5499806778778633e-34,1.3694252047690407e-34,1.6327290516910213e-34],[1.3017179928997491e-34,1.5424650904610337e-34,1.1512547159944963e-34,9.857340911391793e-35]]}
{"ts":1680169708676,"frame":131,"xyzv":[[1.1361989751656148e-34,1.33181087786954e-34,1.2866762569840317e-34,7.561785837143734e-35]]}
{"ts":1680169708810,"frame":132,"xyzv":[[1.5800814836591979e-34,1.4973246150626453e-34,1.534944222503175e-34,9.141664593945163e-35]]}
{"ts":1680169709143,"frame":133,"xyzv":[[7.599393620764134e-35,1.9186228235466849e-34,1.271630273676617e-34,1.173819386166736e-34]]}
{"ts":1680169709310,"frame":134,"xyzv":[[1.5575142880108139e-34,1.0760182561783216e-34,1.1813442719275515e-34,6.997563472017162e-35],[2.2853857279781885e-35,7.71214063336915e-35,3.877031998271377e-34,1.401298464324817e-45]]}
{"ts":1680169710111,"frame":135,"xyzv":[[1.3543811729659194e-34,1.3919951554823094e-34,9.593075087647557e-35,8.389379203898853e-35]]}
{"ts":1680169712045,"frame":136,"xyzv":[[1.5424562512945285e-34,1.3769413661577213e-34,1.6176979916517322e-34,9.179340106243979e-35],[1.1512459916223613e-34,1.3919934335667565e-34,1.2565793542112839e-34,1.0083088632159963e-34],[1.3318018091142945e-34,1.0985848778548546e-34,1.6101632335750797e-34,8.389396997026233e-35],[8.163676826906911e-35,9.40494892582421e-35,7.749898223642658e-35,1.519888826057404e-34],[1.4446601722584028e-34,9.932666681227981e-35,5.981922577582282e-35,2.445500341557795e-35]]}
{"ts":1680169712111,"frame":137,"xyzv":[[8.013202070564638e-35,1.4672277122898974e-34,9.028830911590647e-35,1.1587709921775471e-34],[9.63172520414935e-35,1.6703481999540702e-34,1.5650311381657157e-34,9.932711451032358e-35],[7.937947473237972e-35,9.706983245307122e-35,1.2866646627526418e-34,8.42698583957555e-35]]}
{"ts":1680169712145,"frame":138,"xyzv":[[1.6854077289971682e-34,1.5875964971041765e-34,1.489795252321392e-34,6.997571507623076e-35],[3.235427092577788e-35,4.251059664420829e-35,3.877031998271377e-34,1.401298464324817e-45]]}
{"ts":1680169712676,"frame":139,"xyzv":[[1.760633168553804e-34,9.367373858599317e-35,1.196390140440596e-34,1.4446604018471432e-34]]}
{"ts":1680169713743,"frame":140,"xyzv":[[1.5800736776420244e-34,1.5499860732132626e-34,1.7606356940299483e-34,1.3167637466184234e-34],[2.392811045772405e-34,8.840800029094564e-35,1.5575062524049e-34,1.249056075571651e-34],[1.30924597810856e-34,1.038408061876148e-34,7.260844934036954e-35,1.2716101846618325e-34]]}
{"ts":1680169714043,"frame":141,"xyzv":[[8.464583291702632e-35,2.0768239297694696e-34,1.3995170565894999e-34,1.0685031279389728e-34]]}
{"ts":1680169714544,"frame":142,"xyzv":[[1.5123718611081321e-34,1.3468615677461329e-34,1.3844699253383832e-34,1.6628256100806585e-34],[1.3242923057990853e-34,1.32428335183821e-34,7.524226267158818e-35,1.1813396801527436e-34],[1.4070270190821898e-34,8.201335120050197e-35,9.857387977083574e-35,1.640262202646491e-34]]}
{"ts":1680169714577,"frame":143,"xyzv":[[1.482277713400269e-34,6.88472060611303e-35,1.28665777509043e-34,1.9263668517602075e-34]]}
{"ts":1680169714610,"frame":144,"xyzv":[[1.3167609915535387e-34,1.5725596973463776e-34,1.331818913475454e-34,1.1362044852953843e-34]]}
{"ts":1680169715343,"frame":145,"xyzv":[[1.2791411545242686e-34,1.1512541420226453e-34,1.1662970258820647e-34,1.888528216661341e-34]]}
{"ts":1680169716312,"frame":146,"xyzv":[[7.561798464524456e-35,7.749809258005754e-35,8.163655589948424e-35,8.389318936854499e-35],[5.643325677219619e-35,7.110343201017685e-35,3.877031998271377e-34,1.401298464324817e-45]]}
{"ts":1680169716345,"frame":147,"xyzv":[[7.411354128690286e-35,1.4521844840473675e-34,1.602642939589072e-34,8.389361410771472e-35]]}
{"ts":1680169716376,"frame":148,"xyzv":[[1.828340610011836e-34,1.3167655833283466e-34,1.1061129778580357e-34,1.256577632295731e-34],[8.953626823786868e-35,1.3919938927442372e-34,1.5048474345247973e-34,7.5241866631011e-35],[1.3543825504983617e-34,9.593065904097941e-35,1.4747513353126408e-34,9.593070495872749e-35],[9.8574614454805e-35,1.4296020207477472e-34,1.5575022346019432e-34,1.4672332224196669e-34]]}
{"ts":1680169716844,"frame":149,"xyzv":[[1.1286816658332323e-34,1.3318105334864295e-34,1.6553086451313866e-34,1.512372894257464e-34]]}
{"ts":1680169716878,"frame":150,"xyzv":[[7.260886833982076e-35,1.008306911711703e-34,1.467225760785604e-34,6.73428200999737e-35],[5.530493716780656e-35,4.721251665031234e-35,3.877031998271377e-34,1.401298464324817e-45]]}
{"ts":1680169716910,"frame":151,"xyzv":[[1.7004441843718565e-34,1.2641069950369842e-34,6.395708642480598e-35,9.63165517958353e-35],[1.008309896365328e-34,2.0467232387825052e-34,1.92636248957414e-34,8.126051824130982e-35],[1.158773862036802e-34,1.760632594581953e-34,1.3468627156898348e-34,1.2641019440846955e-34]]}
{"ts":1680169716979,"frame":152,"xyzv":[[1.0910641246913661e-34,8.163664199526189e-35,1.0609588419295938e-34,1.6628225106326632e-34]]}
{"ts":1680169717010,"frame":153,"xyzv":[[1.452182417748704e-34,1.4672256459912338e-34,1.128682698982564e-34,1.5123647438571799e-34],[1.1437307485886423e-34,1.2866671882287861e-34,9.329774110584832e-35,1.0083056489736308e-34],[1.3995196968600144e-34,1.158774436008653e-34,1.3242849589593927e-34,6.847095603337101e-35]]}
{"ts":1680169717043,"frame":154,"xyzv":[[1.0609796197105996e-34,9.706971765870102e-35,8.615045994636033e-35,9.292121557160055e-35],[1.5951275817609827e-34,1.2791526339612883e-34,8.35174616551701e-35,1.0233523210472666e-34],[8.464609694407777e-35,1.0158321418556291e-34,9.857393716802084e-35,1.045922616143646e-34]]}
{"ts":1680169717077,"frame":155,"xyzv":[[9.367376728458572e-35,6.959945356903445e-35,1.2565748772308462e-34,1.8208185941102752e-34]]}
{"ts":1680169717110,"frame":156,"xyzv":[[1.076016189879658e-34,1.4822785169608604e-34,1.5048474345247973e-34,1.1061164216891417e-34]]}
{"ts":1680169717276,"frame":157,"xyzv":[[1.4371370084131402e-34,1.459715109526693e-34,9.141694440481415e-35,1.376942399307053e-34]]}
{"ts":1680169717343,"frame":158,"xyzv":[[1.5499745937762428e-34,1.0609796197105996e-34,1.3468655855490898e-34,1.7531119562128346e-34]]}
{"ts":1680169717577,"frame":159,"xyzv":[[1.5800787285943131e-34,9.707039494548518e-35,9.141621546056339e-35,9.706956842601976e-35]]}
{"ts":1680169717609,"frame":160,"xyzv":[[1.2490592898140166e-34,1.2866702876767815e-34,1.1286831581600448e-34,9.442607218967497e-35]]}
{"ts":1680169717910,"frame":161,"xyzv":[[8.878384279869073e-35,1.1963875001700815e-34,1.572547184760026e-34,9.2169019721163e-35],[1.0233663259604307e-34,7.48656682607183e-35,8.84073918807836e-35,1.3995092505723265e-34],[1.4897967446482045e-34,8.389374612124045e-35,1.0158321418556291e-34,8.201283462583608e-35]]}
{"ts":1680169717944,"frame":162,"xyzv":[[1.1662990921807282e-34,8.727936500203797e-35,9.404965571007889e-35,7.561836920638472e-35]]}
{"ts":1680169717977,"frame":163,"xyzv":[[7.147973943512124e-35,7.599434372765554e-35,8.991173192419212e-35,1.3318129441682036e-34],[1.04593076654393e-34,1.3619051403717734e-34,1.0835486520689067e-34,1.6477897286778212e-34],[1.023355994467113e-34,1.2039207659199215e-34,1.5875990225803208e-34,1.4897933008170986e-34]]}
{"ts":1680169718010,"frame":164,"xyzv":[[1.31675594060125e-34,1.0233510583091945e-34,1.3017124827699796e-34,1.316760647170428e-34]]}
{"ts":1680169718044,"frame":165,"xyzv":[[1.956457211253854e-34,1.6176866270090827e-34,1.391992056034314e-34,7.148064057092729e-35]]}
{"ts":1680169718076,"frame":166,"xyzv":[[1.2415300418671335e-34,9.932681604496107e-35,9.367368692852658e-35,1.2640980410761088e-34]]}
{"ts":1680169718110,"frame":167,"xyzv":[[1.5274104975758542e-34,9.179352733624701e-35,9.782205700210132e-35,8.163638944764745e-35]]}
{"ts":1680169718343,"frame":168,"xyzv":[[1.4597101733687744e-34,1.2641007961409936e-34,1.790732482008326e-34,1.3468682258196043e-34],[1.459700071464197e-34,1.188880063153536e-34,1.1512462212111017e-34,1.3919930891836459e-34],[9.367397965417059e-35,1.1662946152002905e-34,1.0760145827584753e-34,1.2114378456635637e-34]]}
{"ts":1680169718377,"frame":169,"xyzv":[[1.5349415822326604e-34,9.707007352124863e-35,9.292128444822267e-35,1.4296040870464108e-34]]}
{"ts":1680169718411,"frame":170,"xyzv":[[1.2490524021518047e-34,1.1061138962129973e-34,1.1888706500151797e-34,6.99758585691935e-35],[3.273039754958921e-35,4.5519919579498443e-35,3.877031998271377e-34,1.401298464324817e-45]]}
{"ts":1680169718446,"frame":171,"xyzv":[[1.0158412106108747e-34,1.008300024049491e-34,1.1738234039696929e-34,6.245209205348733e-35],[2.1255365763796635e-35,6.13229574090693e-35,3.877031998271377e-34,1.401298464324817e-45]]}
{"ts":1680169718479,"frame":172,"xyzv":[[1.5349363016916314e-34,9.329797069458871e-35,1.1813419760401476e-34,1.6853991194194034e-34],[8.088463555553516e-35,1.5274154337337727e-34,9.932685048327213e-35,8.539800006887132e-35],[9.857431598944249e-35,1.2339986128272166e-34,8.91603109357534e-35,1.0760082690681144e-34],[1.6402663352438182e-34,1.241529812278393e-34,1.2716299292935065e-34,1.519885267431928e-34],[1.3318070896553236e-34,1.1662971406764349e-34,8.65271634118819e-35,3.254250212444996e-35]]}
{"ts":1680169718510,"frame":173,"xyzv":[[9.80908925027372e-45,3.923635700109488e-44,7.861195262279893e-38,7.236736309180982e-38],[7.346954038593986e-38,8.448959253272608e-38,7.897954684115447e-38,8.926499349139077e-38],[8.926499349139077e-38,4.203895392974451e-45,1.793662034335766e-43,5.530544226303543e-35],[8.201228935257764e-35,7.787516338756375e-35,9.593040075364647e-35,9.631751606854495e-35],[1.47474502162228e-34,1.361904910783033e-34,1.264106880242614e-34,1.7380644805786074e-34],[8.013237656819399e-35,8.389347061475197e-35,2.0768152053973346e-34,8.013270947186757e-35],[1.5198896296179955e-34,9.44263821344745e-35,1.768158857875211e-34,1.2791541262881009e-34]]}
{"ts":1680169718545,"frame":174,"xyzv":[[9.066422623999219e-35,1.5198868745531107e-34,1.745594646880452e-34,7.862720426560154e-35]]}
{"ts":1680169718580,"frame":175,"xyzv":[[9.80908925027372e-45,3.363116314379561e-44,8.963220095137016e-38,7.530593641824367e-38],[8.191807532603747e-38,6.942841982258138e-38,9.698005518409763e-38,7.7877307889892e-38],[4.203895392974451e-45,1.793662034335766e-43,1.1738129576820049e-34,5.831428880168927e-35],[1.407034136333142e-34,6.997587004863052e-35,1.9186137547914393e-34,1.429610056353661e-34],[1.128689586644776e-34,1.6327443193422575e-34,8.502226087605941e-35,1.4446576467822585e-34],[1.2716236156031456e-34,1.241530960222095e-34,8.276513379120681e-35,9.85743274688795e-35]]}
{"ts":1680169718611,"frame":176,"xyzv":[[7.825109773080499e-35,1.1662840541182324e-34,9.782066799022193e-35,9.480262068279677e-35],[7.561808796017774e-35,1.595117250267665e-34,1.3242964383964124e-34,1.4220797752574462e-34],[7.110429870767184e-35,1.5198843490769664e-34,8.088441170651327e-35,1.1587783390172398e-34],[1.1738204193160677e-34,8.690279355004213e-35,1.407047452480085e-34,1.1963951913928847e-34]]}
{"ts":1680169718643,"frame":177,"xyzv":[[1.7004454471099286e-34,1.4145717642690496e-34,1.1437304042055317e-34,7.749871246965661e-35],[9.329747133907835e-35,1.0985902731902539e-34,1.4070343659218825e-34,1.4747482358646455e-34],[1.1813435831613304e-34,1.474748580247756e-34,9.706925848122023e-35,1.8885271835120092e-34],[1.5575121069177801e-34,1.4296075308775167e-34,1.346863978427907e-34,9.442616976488963e-35],[1.407042286733426e-34,1.7455866112745382e-34,7.749927496207058e-35,3.2166343932186826e-35]]}
{"ts":1680169718776,"frame":178,"xyzv":[[1.1061204394920986e-34,8.163634352989938e-35,1.610169776854181e-34,1.2415350928194221e-34]]}
{"ts":1680169718909,"frame":179,"xyzv":[[2.046739309994333e-34,1.143720646684065e-34,1.6252170228996678e-34,7.937985929351988e-35],[4.0629877429374e-35,5.981876659834203e-35,3.877031998271377e-34,1.401298464324817e-45]]}
{"ts":1680169719109,"frame":180,"xyzv":[[6.433362917820927e-35,1.5424644016948125e-34,1.5274059058010463e-34,1.3017224698801868e-34]]}
{"ts":1680169719243,"frame":181,"xyzv":[[8.803126812683152e-35,8.840734022331701e-35,1.08353889454744e-34,1.1361939242133262e-34]]}
{"ts":1680169719977,"frame":182,"xyzv":[[1.6703552024106522e-34,1.7380627586630544e-34,1.3017241917957398e-34,1.0985924542832876e-34]]}
{"ts":1680169720077,"frame":183,"xyzv":[[8.803129682542407e-35,8.840776496248674e-35,4.401555083749737e-35,7.072781335145365e-35]]}
{"ts":1680169720176,"frame":184,"xyzv":[[1.3694245160028195e-34,9.706998168575247e-35,1.2640908090307864e-34,1.4070359730430652e-34]]}
{"ts":1680169720677,"frame":185,"xyzv":[[1.1211664227995133e-34,9.857308768968138e-35,1.2641069950369842e-34,1.4070383837248394e-34]]}
{"ts":1680169720712,"frame":186,"xyzv":[[1.143737521456484e-34,1.8283416431611677e-34,1.2565808465380964e-34,1.399518893299423e-34]]}
{"ts":1680169720743,"frame":187,"xyzv":[[1.143725927225094e-34,9.254518365314464e-35,9.63171946443084e-35,1.2264834845878678e-34]]}
{"ts":1680169720777,"frame":188,"xyzv":[[1.5424638277229615e-34,1.3619084694085091e-34,7.26088339015097e-35,1.3919868902876552e-34]]}
{"ts":1680169720910,"frame":189,"xyzv":[[1.2114267106096545e-34,9.555489688929346e-35,1.0684931408287656e-34,1.4145675168773523e-34]]}
{"ts":1680169720943,"frame":190,"xyzv":[[1.384470384515864e-34,9.480220168334555e-35,1.7756809885711418e-34,9.706968322038996e-35]]}
{"ts":1680169721009,"frame":191,"xyzv":[[8.915931222473268e-35,1.0459275523015644e-34,8.91596164298137e-35,2.2573800916445134e-34]]}
{"ts":1680169721110,"frame":192,"xyzv":[[1.1211578132217485e-34,1.0684929112400252e-34,7.486552476775555e-35,7.486524352154856e-35]]}
{"ts":1680169721178,"frame":193,"xyzv":[[1.3543855351519869e-34,1.4070450417983108e-34,1.738068268792824e-34,6.959979221242653e-35],[1.1738137612425963e-34,1.4897983517693873e-34,1.5048481232910185e-34,8.427018555971056e-35],[1.5198857266094088e-34,1.1888724867251029e-34,1.7380684983815643e-34,1.1512554047607175e-34]]}
{"ts":1680169721211,"frame":194,"xyzv":[[9.55548567112639e-35,1.4220893031901725e-34,1.3318146660837566e-34,1.0459300777777088e-34]]}
{"ts":1680169721245,"frame":195,"xyzv":[[1.6477881215566385e-34,1.000786502931325e-34,1.4371398782723951e-34,6.959955114424912e-35]]}
{"ts":1680169721277,"frame":196,"xyzv":[[9.706943067277553e-35,9.93267127300279e-35,1.339334156509173e-34,6.583811271458054e-35],[1.0083109295146598e-34,1.2716143172591596e-34,1.0007984415458256e-34,8.577395737098661e-35],[1.015834437743033e-34,1.444656728427297e-34,1.226491175810671e-34,1.218959058004533e-34],[6.621412167416242e-35,7.749848288091622e-35,8.276533468135466e-35,9.028833207478051e-35]]}
{"ts":1680169721310,"frame":197,"xyzv":[[1.1963980612521397e-34,8.276481236697026e-35,8.87835328538912e-35,1.0835465857702432e-34],[1.0083195390924247e-34,1.2039085977166806e-34,1.7455843153871343e-34,1.36190318886748e-34],[1.6703617456897535e-34,1.4145739453620833e-34,1.218958484032682e-34,1.3017185668716001e-34]]}
{"ts":1680169721343,"frame":198,"xyzv":[[1.0609762906738638e-34,1.565032515698158e-34,1.1587812088764947e-34,1.1061109115593722e-34]]}
{"ts":1680169721543,"frame":199,"xyzv":[[8.351725502530374e-35,7.825105181305691e-35,9.857306473080734e-35,6.997531903565358e-35],[1.3017182224884895e-34,1.0534519788848992e-34,1.5574993647426882e-34,1.023362422951844e-34],[1.2189687007316296e-34,6.282841669758725e-35,7.298489451855817e-35,1.595118398211367e-34],[1.5725525800954253e-34,8.351757070982179e-35,1.166300699301911e-34,9.480240257349339e-35]]}
{"ts":1680169721576,"frame":200,"xyzv":[[1.4296020207477472e-34,1.3167605323760579e-34,1.0534486498481635e-34,1.2565779766788415e-34]]}
{"ts":1680169721676,"frame":201,"xyzv":[[9.329779276331491e-35,7.448988315015831e-35,1.3242795636239934e-34,1.1888751269956174e-34]]}
{"ts":1680169721811,"frame":202,"xyzv":[[1.4221015861877837e-34,1.2490528613292855e-34,1.3619021557181483e-34,1.670353365700729e-34],[1.2264848621203102e-34,6.621384042795543e-35,7.862695745770561e-35,9.593049258914263e-35],[1.4521845988417376e-34,1.2189597467707542e-34,1.3919906785018717e-34,6.621459807079874e-35],[9.70693617961534e-35,1.324275201437926e-34,8.314123458628485e-35,1.617684445916049e-34]]}
{"ts":1680169721846,"frame":203,"xyzv":[[1.249062389262012e-34,9.367400835276314e-35,1.4672212838051663e-34,1.0685050794432662e-34],[3.705640617132605e-35,5.267042933064823e-35,3.877031998271377e-34,1.401298464324817e-45]]}
{"ts":1680169721877,"frame":204,"xyzv":[[1.0760157307021773e-34,9.782179297504987e-35,1.181346223431845e-34,8.351724928558523e-35],[4.420369020067329e-35,8.08836712828255e-35,3.877031998271377e-34,1.401298464324817e-45]]}
{"ts":1680169721912,"frame":205,"xyzv":[[9.179291318636645e-35,9.4802172984753e-35,1.324293912920268e-34,9.292079083243082e-35],[2.7464412446645755e-35,8.502161802758631e-35,3.877031998271377e-34,1.401298464324817e-45]]}
{"ts":1680169721944,"frame":206,"xyzv":[[1.4070436642658685e-34,1.000782370333998e-34,1.2942006835673666e-34,1.2791516008119565e-34],[1.3318117962245017e-34,1.3393395518445722e-34,1.2490592898140166e-34,1.6026466130089183e-34],[1.1662955335552521e-34,8.953599273138021e-35,1.2641024032621763e-34,1.2415377330899367e-34]]}
{"ts":1680169721978,"frame":207,"xyzv":[[1.482269562999985e-34,1.5875986781972102e-34,1.7681590874639513e-34,8.87838255795352e-35],[6.621446605727301e-35,1.091064583868847e-34,1.1813454198712535e-34,9.593031465786882e-35],[1.0007825999227383e-34,1.0534554227160052e-34,1.3543808285828088e-34,6.546178807048062e-35]]}
{"ts":1680169722010,"frame":208,"xyzv":[[7.59944355631517e-35,1.1587683519070326e-34,1.1437223685996179e-34,9.254545915963311e-35]]}
{"ts":1680169722277,"frame":209,"xyzv":[[1.2565838311917216e-34,8.23882868327225e-35,9.442567040937927e-35,7.336102975194726e-35],[3.6115804060801866e-35,7.223155072441863e-35,3.877031998271377e-34,1.401298464324817e-45]]}
{"ts":1680169722309,"frame":210,"xyzv":[[8.276525432529552e-35,1.4973208268484287e-34,1.376939988625279e-34,1.3167655833283466e-34]]}
{"ts":1680169722410,"frame":211,"xyzv":[[9.104064845930678e-35,8.351728372389629e-35,8.87837050454465e-35,1.1286847652812276e-34]]}
{"ts":1680169722444,"frame":212,"xyzv":[[1.0760241106912017e-34,9.367342864119364e-35,9.141717973327305e-35,7.072792814582384e-35],[3.799656345366572e-35,5.906618618676431e-35,3.877031998271377e-34,1.401298464324817e-45]]}
{"ts":1680169722478,"frame":213,"xyzv":[[1.2941966657644096e-34,1.414571419885939e-34,8.38935452310926e-35,9.593097472549746e-35],[2.7087987357471914e-35,5.22953789040575e-35,3.877031998271377e-34,1.401298464324817e-45]]}
{"ts":1680169722511,"frame":214,"xyzv":[[1.2941954030263375e-34,8.276519692811042e-35,9.329760335260408e-35,8.276499029824407e-35],[2.70882112064938e-35,5.718467776063492e-35,3.877031998271377e-34,1.401298464324817e-45]]}
{"ts":1680169722543,"frame":215,"xyzv":[[1.4296102859424014e-34,1.497323237530203e-34,7.637030102977082e-35,5.90669380898891e-35],[1.9564590479637773e-34,1.549989287455628e-34,1.4145601700376596e-34,6.809499873125573e-35],[1.3618957272334172e-34,1.414566713316761e-34,1.5876023516170566e-34,1.7606335129369145e-34]]}
{"ts":1680169722578,"frame":216,"xyzv":[[8.953609030659488e-35,9.480247145011551e-35,1.5875976450478785e-34,1.5123614148204442e-34]]}
{"ts":1680169722611,"frame":217,"xyzv":[[9.555462138280499e-35,9.932592064887353e-35,1.23401227335727e-34,6.771862816940773e-35],[4.138225408094462e-35,6.433237217985561e-35,3.877031998271377e-34,1.401298464324817e-45]]}
{"ts":1680169722644,"frame":218,"xyzv":[[2.1370037304018013e-34,1.8057853529779525e-34,1.023365292811099e-34,8.238899281809921e-35],[4.044170936760553e-35,6.696616829191872e-35,3.877031998271377e-34,1.401298464324817e-45]]}
{"ts":1680169722677,"frame":219,"xyzv":[[6.809462564955258e-35,6.245241921744239e-35,7.637001404384533e-35,1.1512427773799958e-34],[1.3619027296899993e-34,9.405034447630007e-35,7.975555830830223e-35,1.3694214165548242e-34],[9.292155421499264e-35,1.549989287455628e-34,1.5725528096841657e-34,9.857396012689488e-35],[1.1136369452638898e-34,5.19204030938074e-35,1.5499742493931322e-34,2.0015831077672274e-34]]}
{"ts":1680169722710,"frame":220,"xyzv":[[7.862729036137918e-35,1.6026419064397402e-34,1.2415389958280089e-34,9.78217470573018e-35],[3.160194019195534e-35,6.019444265425033e-35,3.877031998271377e-34,1.401298464324817e-45]]}
{"ts":1680169722743,"frame":221,"xyzv":[[1.0383985339434217e-34,1.15125689708753e-34,1.0083185059430929e-34,1.5875930532730706e-34]]}
{"ts":1680169722844,"frame":222,"xyzv":[[9.179285578918135e-35,9.254559691287735e-35,1.151249894630948e-34,1.4672332224196669e-34]]}
{"ts":1680169722877,"frame":223,"xyzv":[[1.2641018292903253e-34,1.4822826495581875e-34,1.4070425163221665e-34,1.0609743391695705e-34]]}
{"ts":1680169722910,"frame":224,"xyzv":[[7.072845046020824e-35,1.196394732215404e-34,9.442576798459394e-35,1.060968829039801e-34]]}
{"ts":1680169722943,"frame":225,"xyzv":[[1.3769472206706014e-34,1.1211642417064795e-34,9.707025719224095e-35,7.937971006083863e-35],[3.874917256383599e-35,7.07270901469214e-35,3.877031998271377e-34,1.401298464324817e-45]]}
{"ts":1680169722977,"frame":226,"xyzv":[[9.593061886294985e-35,1.2039061870349064e-34,9.857466037255308e-35,1.7606359236186887e-34]]}
{"ts":1680169723010,"frame":227,"xyzv":[[1.038401633391417e-34,1.3017122531812392e-34,1.2490603229633483e-34,1.2264856656809015e-34]]}
{"ts":1680169723110,"frame":228,"xyzv":[[7.900353464941996e-35,1.0083015163763036e-34,1.4145705015309774e-34,1.2941976989137414e-34]]}
{"ts":1680169723144,"frame":229,"xyzv":[[1.0007951125090898e-34,9.254538454329248e-35,9.066425493858474e-35,1.1512566674987897e-34]]}
{"ts":1680169723176,"frame":230,"xyzv":[[1.4446617793795856e-34,1.4296113190917332e-34,9.216932966596253e-35,9.066449026704365e-35],[3.1601977500125656e-35,4.7588781027367904e-35,3.877031998271377e-34,1.401298464324817e-45]]}
{"ts":1680169724043,"frame":231,"xyzv":[[1.512360726054223e-34,1.4446599426696624e-34,1.2791586032685386e-34,1.4220927470212785e-34],[9.141708789777689e-35,1.3844631524705416e-34,1.5650324009037878e-34,1.256580042977505e-34],[7.373739457407675e-35,1.4672197914783538e-34,1.1512558639381983e-34,1.4220920582550573e-34]]}
{"ts":1680169727643,"frame":232,"xyzv":[[1.4296120078579544e-34,1.1437221390108775e-34,1.5951249414904682e-34,1.6402593327872361e-34]]}
{"ts":1680169728610,"frame":233,"xyzv":[[8.201315605007263e-35,1.083539468519291e-34,9.78221029198494e-35,8.351720336783715e-35],[2.5583480862226603e-35,7.561715812577914e-35,3.877031998271377e-34,1.401298464324817e-45]]}
{"ts":1680169729543,"frame":234,"xyzv":[[8.915982879939857e-35,1.1512503538084288e-34,1.4973258778007174e-34,1.2415226950274408e-34]]}
{"ts":1680169729710,"frame":235,"xyzv":[[1.4898030583385654e-34,8.163693472090589e-35,1.2114372716917127e-34,1.0158335193880715e-34],[1.2415350928194221e-34,1.858434757719699e-34,1.4597095993969234e-34,1.3844775017668163e-34],[1.5424591211537834e-34,1.3919895305581697e-34,1.512365432623401e-34,1.188856874690756e-34],[2.091871405403697e-34,1.9564597367299985e-34,1.4822801240820431e-34,1.3543851907688763e-34],[1.8885308569318555e-34,1.6553104818413097e-34,7.448986019128427e-35,3.987738311357393e-35]]}
{"ts":1680169729777,"frame":236,"xyzv":[[1.0384043884563018e-34,1.211437386486083e-34,1.2866651219301226e-34,9.51780786294017e-35]]}
{"ts":1680169730643,"frame":237,"xyzv":[[1.1211614866415948e-34,9.10406599387438e-35,1.0534369408224034e-34,5.605781030502828e-35],[3.931331227701602e-35,2.3324171249410625e-35,3.877031998271377e-34,1.401298464324817e-45]]}
{"ts":1680169731510,"frame":238,"xyzv":[[1.354375088864299e-34,1.0308868495351788e-34,9.517836561532719e-35,9.367358361359341e-35]]}
{"ts":1680169731976,"frame":239,"xyzv":[[7.937977893746075e-35,1.1211625197909265e-34,1.1136276469199038e-34,1.226488305951416e-34],[1.2791490753358122e-34,7.298477972418797e-35,1.3995174009726105e-34,9.179279265227775e-35],[1.0383994522983833e-34,1.5951197757438093e-34,1.4220995198891201e-34,7.373740605351377e-35]]}
{"ts":1680169733143,"frame":240,"xyzv":[[5.68102759222358e-35,1.0534497977918655e-34,1.5575133696558523e-34,1.151252764490203e-34],[2.52075436491261e-35,3.573980658065701e-35,6.712219644115874e-43,6.712219644115874e-43]]}
{"ts":1680169733377,"frame":241,"xyzv":[[1.7832026600895918e-34,1.986539075964106e-34,1.9564700682233162e-34,1.5951214976593623e-34]]}
{"ts":1680169733410,"frame":242,"xyzv":[[8.201336267993899e-35,1.3393247433708167e-34,9.63182966702623e-35,1.542457743621341e-34]]}
{"ts":1680169734912,"frame":243,"xyzv":[[1.6628314645935386e-34,1.1888779968548724e-34,1.4371381563568422e-34,1.4070376949586182e-34]]}
{"ts":1680169737010,"frame":244,"xyzv":[[9.480286749069269e-35,1.0910589589447072e-34,1.3618980231208212e-34,6.54614264682145e-35],[3.6303943423977786e-35,6.658948204555268e-35,3.877031998271377e-34,1.401298464324817e-45]]}
{"ts":1680169738310,"frame":245,"xyzv":[[1.1437348811859694e-34,1.1663060946373103e-34,6.922266400773523e-35,1.1738226004091015e-34]]}
{"ts":1680169738376,"frame":246,"xyzv":[[1.136203107762942e-34,8.803123942823897e-35,1.4446560396610757e-34,1.0910686016718038e-34]]}
{"ts":1680169739443,"frame":247,"xyzv":[[1.881002527339934e-34,1.181340483713335e-34,7.448938379464795e-35,2.227277104770145e-34]]}
{"ts":1680169742943,"frame":248,"xyzv":[[1.0083157508782081e-34,9.480213854644194e-35,1.5650343524080812e-34,6.583784294781058e-35],[3.2730535302833445e-35,8.991087096641564e-35,3.877031998271377e-34,1.401298464324817e-45]]}
{"ts":1680169746610,"frame":249,"xyzv":[[1.4220874664802494e-34,7.411351258831031e-35,1.0684896969976597e-34,8.61504427272048e-35]]}
{"ts":1680169748843,"frame":250,"xyzv":[[1.5951237935467662e-34,1.0985983087961677e-34,1.2565731553152932e-34,1.1738204193160677e-34]]}
{"ts":1680169751613,"frame":251,"xyzv":[[8.840693844302132e-35,1.376947565053712e-34,1.4597078774813705e-34,7.862771510054892e-35],[2.878062460631538e-35,8.953544171840326e-35,3.877031998271377e-34,1.401298464324817e-45]]}
{"ts":1680169751645,"frame":252,"xyzv":[[1.1061254904443873e-34,1.0684987657529053e-34,1.286670058088041e-34,2.0016065258187477e-34],[9.10403729528183e-35,1.6778759555741407e-34,8.126097741879061e-35,7.448951580817367e-35],[1.1286852244587084e-34,1.5951211532762517e-34,7.86275314295566e-35,1.4145612031869914e-34]]}
{"ts":1680169753010,"frame":253,"xyzv":[[9.216940428230316e-35,1.6327351357926417e-34,1.1512484023041355e-34,7.448985445156576e-35],[3.7244209760969144e-35,4.175824869123022e-35,3.877031998271377e-34,1.401298464324817e-45]]}
{"ts":1680169753443,"frame":254,"xyzv":[[9.593081975309769e-35,1.166296566704584e-34,1.3092379425026462e-34,7.749915442798187e-35],[3.8749000372280693e-35,1.2716187942395973e-34,3.877031998271377e-34,1.401298464324817e-45]]}
{"ts":1680169753543,"frame":255,"xyzv":[[1.4145646470180973e-34,1.3393304830893266e-34,1.1362114877519664e-34,8.126017959791773e-35]]}
{"ts":1680169754110,"frame":256,"xyzv":[[1.3543848463857657e-34,1.7455852337420959e-34,1.3393369115740577e-34,6.470956926116903e-35],[3.0473477094602965e-35,6.809396558192395e-35,3.877031998271377e-34,1.401298464324817e-45]]}
{"ts":1680169754177,"frame":257,"xyzv":[[1.0158410958165045e-34,1.354372219005044e-34,1.6553109410187905e-34,7.411342649253266e-35],[1.7211584840908828e-35,7.411250813757108e-35,3.877031998271377e-34,1.401298464324817e-45]]}
{"ts":1680169755943,"frame":258,"xyzv":[[1.5951267782003914e-34,1.2490627336451225e-34,8.803098688062454e-35,8.276497881880705e-35],[2.9909179539163914e-35,7.448851135743445e-35,3.877031998271377e-34,1.401298464324817e-45]]}
{"ts":1680169762243,"frame":259,"xyzv":[[1.6176877749527847e-34,7.712272646894878e-35,9.216914599497021e-35,1.083532580857079e-34]]}
{"ts":1680169762576,"frame":260,"xyzv":[[8.765517881119051e-35,1.0835421087898055e-34,8.991212222505079e-35,1.0384070287268163e-34],[3.6115827019675906e-35,1.0760041364707873e-34,3.877031998271377e-34,1.401298464324817e-45]]}
{"ts":1680169764743,"frame":261,"xyzv":[[9.179297058355155e-35,1.3619015817462973e-34,7.862735349828279e-35,1.3995210743924568e-34]]}
{"ts":1680169764776,"frame":262,"xyzv":[[7.411357572521392e-35,1.0233627673349546e-34,1.2716295849103959e-34,9.442599183361583e-35]]}
{"ts":1680169765410,"frame":263,"xyzv":[[9.292133610568926e-35,1.5725578606364544e-34,8.615059195988606e-35,4.7777181547736023e-35],[3.8184593762189954e-35,5.41761928242472e-35,3.877031998271377e-34,1.401298464324817e-45]]}
{"ts":1680169765543,"frame":264,"xyzv":[[1.17382168205414e-34,1.2866691397330795e-34,8.088418211777288e-35,8.915977140221347e-35]]}
{"ts":1680169766010,"frame":265,"xyzv":[[9.932644870297644e-35,1.3543732521543758e-34,8.238929702318024e-35,1.0083134549908042e-34],[1.3017082353782823e-34,1.5198938770096928e-34,1.1061087304663384e-34,1.3468577795319163e-34],[1.5800689710728463e-34,1.0760235367193507e-34,1.264102747645287e-34,1.6477882363510087e-34]]}
{"ts":1680169766044,"frame":266,"xyzv":[[8.276430153202288e-35,1.5349344649817082e-34,1.234011010619198e-34,1.5048351515271862e-34]]}
{"ts":1680169766210,"frame":267,"xyzv":[[1.1061198655202476e-34,1.0684944035668378e-34,1.000792357444205e-34,1.1738276513613902e-34],[6.546151256399215e-35,6.395655263098456e-35,3.877031998271377e-34,1.401298464324817e-45]]}
{"ts":1680169766310,"frame":268,"xyzv":[[1.1512562083213089e-34,1.2490571087209828e-34,9.631701097331608e-35,1.0384082914648885e-34]]}
{"ts":1680169766343,"frame":269,"xyzv":[[1.2866707468542623e-34,1.738063677018016e-34,9.593100916380852e-35,9.141688700762905e-35]]}
{"ts":1680169766410,"frame":270,"xyzv":[[1.5725556795434207e-34,8.464612564267032e-35,1.1061074677282663e-34,6.997569785707523e-35],[4.1382222512492815e-35,4.664823344416956e-35,3.877031998271377e-34,1.401298464324817e-45]]}
{"ts":1680169766443,"frame":271,"xyzv":[[1.6026494828681732e-34,6.47093224532731e-35,5.304838979452346e-35,1.2114241851335102e-34]]}
{"ts":1680169766510,"frame":272,"xyzv":[[1.3694281894226658e-34,9.932703415426444e-35,1.2565744180533654e-34,1.1813473713755469e-34]]}
{"ts":1680169766676,"frame":273,"xyzv":[[1.3543884050112418e-34,1.482273121625461e-34,1.5951239083411364e-34,1.166294844789031e-34]]}
{"ts":1680169766777,"frame":274,"xyzv":[[1.5725530392729061e-34,1.5951263190229106e-34,1.0083077152722943e-34,6.69665643324959e-35]]}
{"ts":1680169766809,"frame":275,"xyzv":[[1.2189512519873595e-34,8.088458389806857e-35,8.652673293299366e-35,9.480210410813088e-35]]}
{"ts":1680169768576,"frame":276,"xyzv":[[1.6026358223381197e-34,1.5951317143583099e-34,1.8358730722010845e-34,1.158776157924206e-34]]}
{"ts":1680169768810,"frame":277,"xyzv":[[1.038410357763552e-34,8.57742443569121e-35,9.367335976457152e-35,9.442619846348218e-35],[4.777694047955861e-35,5.944189094126516e-35,3.877031998271377e-34,1.401298464324817e-45]]}
{"ts":1680169768843,"frame":278,"xyzv":[[1.4220840226491435e-34,1.068502668761492e-34,7.900358056716804e-35,1.1437237461320603e-34]]}
{"ts":1680169768943,"frame":279,"xyzv":[[1.4747504169576792e-34,8.201277722865098e-35,1.1136302871904183e-34,8.87837681823501e-35]]}
{"ts":1680169770243,"frame":280,"xyzv":[[1.188860892493713e-34,1.158782012437086e-34,1.8584373979902136e-34,6.207671446294154e-35],[2.0032623485130689e-35,4.664814447853266e-35,3.877031998271377e-34,1.401298464324817e-45]]}
{"ts":1680169771743,"frame":281,"xyzv":[[1.3393327789767305e-34,8.878357877163928e-35,1.1888652546797804e-34,8.276509935289576e-35]]}
{"ts":1680169772110,"frame":282,"xyzv":[[8.426972638222977e-35,8.351734112108139e-35,1.203909975249123e-34,1.1963926659167404e-34]]}
{"ts":1680169772177,"frame":283,"xyzv":[[1.1738178938399234e-34,1.0609737651977195e-34,1.0835496852182385e-34,3.5175715655084315e-35],[1.8434061657593693e-35,4.853379124170767e-35,3.877031998271377e-34,1.401298464324817e-45]]}
{"ts":1680169772210,"frame":284,"xyzv":[[1.527409234837782e-34,8.991235181379119e-35,7.97557764176056e-35,1.941406291788521e-34],[1.2415401437717108e-34,1.8283419875442783e-34,1.000785354987623e-34,7.749856897669386e-35],[8.803074007272862e-35,1.31675594060125e-34,1.7907291529715902e-34,1.4145723382409006e-34]]}
{"ts":1680169772577,"frame":285,"xyzv":[[1.0534602440795535e-34,1.6402593327872361e-34,1.0985806304631573e-34,8.727901487920887e-35]]}
{"ts":1680169772610,"frame":286,"xyzv":[[1.0308786991348948e-34,5.380066026130165e-35,1.2941911556346402e-34,7.223257239431339e-35],[3.743236347344134e-35,8.502170986308246e-35,3.877031998271377e-34,1.401298464324817e-45]]}
{"ts":1680169773177,"frame":287,"xyzv":[[1.3919899897356505e-34,1.399521189186827e-34,9.857418971563527e-35,1.7230206783642264e-34]]}
{"ts":1680169773277,"frame":288,"xyzv":[[9.141647948761485e-35,1.715493611510377e-34,1.9186260377890504e-34,9.480264364167081e-35],[3.611598773179418e-35,4.157034752637246e-35,3.877031998271377e-34,1.401298464324817e-45]]}
{"ts":1680169773310,"frame":289,"xyzv":[[1.4747530572281938e-34,1.775682251309214e-34,1.7230162013837887e-34,1.2866500838676267e-34],[7.561822571342197e-35,1.279142532056711e-34,1.143725927225094e-34,9.104067715789933e-35],[1.452178399945747e-34,1.429616370044022e-34,9.555506334113025e-35,9.254566004978096e-35]]}
{"ts":1680169773343,"frame":290,"xyzv":[[2.0918771451222068e-34,1.715499351228887e-34,1.2340121585629e-34,1.3995172861782403e-34]]}
{"ts":1680169773376,"frame":291,"xyzv":[[1.3694099371178044e-34,7.862780693604507e-35,1.5424602690974854e-34,1.6553030202072469e-34]]}
{"ts":1680169773777,"frame":292,"xyzv":[[1.1512559787325685e-34,1.5349306767674917e-34,9.40501263669967e-35,6.43329461517066e-35],[3.2354471815925726e-35,4.777690604124755e-35,3.877031998271377e-34,1.401298464324817e-45]]}
{"ts":1680169773810,"frame":293,"xyzv":[[1.8659582659480723e-34,1.820823071090713e-34,1.6628261840525095e-34,9.555470173886413e-35],[2.1725623771169904e-35,4.702431988995132e-35,3.877031998271377e-34,1.401298464324817e-45]]}
{"ts":1680169773877,"frame":294,"xyzv":[[1.1136274173311634e-34,1.1587768466904272e-34,7.637053635822973e-35,6.395711512339853e-35],[2.821641601651323e-35,7.561726718043083e-35,3.877031998271377e-34,1.401298464324817e-45]]}
{"ts":1680169773909,"frame":295,"xyzv":[[5.530530450979119e-35,7.937930254082443e-35,1.2114431262045928e-34,1.2264798111680215e-34],[1.3318138625231652e-34,1.3017135159193114e-34,1.1136402743006255e-34,1.4070396464629115e-34],[8.502154915096419e-35,7.5241866631011e-35,1.467231500504114e-34,1.768155414044105e-34]]}
{"ts":1680169774043,"frame":296,"xyzv":[[1.48979995889057e-34,1.5725421338077374e-34,1.060983981896667e-34,1.0609706657497242e-34]]}
{"ts":1680169774744,"frame":297,"xyzv":[[1.4822758766903458e-34,9.179289022749241e-35,9.0288326335062e-35,5.380009202916917e-35],[2.2007608966911898e-35,7.035104674902847e-35,3.877031998271377e-34,1.401298464324817e-45]]}
{"ts":1680169774943,"frame":298,"xyzv":[[1.6553022166466555e-34,1.7982492173688575e-34,1.4672271383180464e-34,1.2114341722437174e-34]]}
{"ts":1680169775311,"frame":299,"xyzv":[[1.2716248783412178e-34,8.991238625210225e-35,8.46450063975609e-35,1.422087236891509e-34]]}
{"ts":1680169775343,"frame":300,"xyzv":[[7.637100701514754e-35,1.271619827388929e-34,1.083548881657647e-34,6.922354792438575e-35],[3.686834142449076e-35,8.690172022268078e-35,3.877031998271377e-34,1.401298464324817e-45]]}
{"ts":1680169775776,"frame":301,"xyzv":[[1.316765238945236e-34,1.0684970438373523e-34,1.4371383859455826e-34,8.727921576935671e-35]]}
{"ts":1680169777343,"frame":302,"xyzv":[[8.577447968537101e-35,9.404944908021253e-35,1.4973166942511016e-34,1.407052159049263e-34]]}
{"ts":1680169778076,"frame":303,"xyzv":[[1.4521827621318145e-34,1.211440945111559e-34,8.05081157610059e-35,7.072801424160149e-35]]}
{"ts":1680169781243,"frame":304,"xyzv":[[9.857458001649394e-35,7.147961316131402e-35,1.136193235447105e-34,1.2641029772340273e-34]]}
{"ts":1680169784076,"frame":305,"xyzv":[[6.019583166612972e-35,9.104045330887744e-35,1.249049073115069e-34,1.3844670554791283e-34]]}
{"ts":1680169784879,"frame":306,"xyzv":[[1.5048392841245133e-34,1.2791458610934467e-34,1.211432220739424e-34,1.2941888597472362e-34]]}
{"ts":1680169787745,"frame":307,"xyzv":[[1.407048026451936e-34,1.0007898319680608e-34,1.1963927807111106e-34,6.847091011562293e-35],[3.9313320886593784e-35,5.756224792365148e-35,3.877031998271377e-34,1.401298464324817e-45]]}
{"ts":1680169787777,"frame":308,"xyzv":[[1.7756823661035841e-34,1.625218859609591e-34,1.196387844553192e-34,1.1738200749329571e-34],[8.878342953895802e-35,1.8885314309037065e-34,9.104109041763204e-35,1.2565768287351395e-34],[7.937988799211243e-35,1.3393206107734896e-34,1.3694303705156996e-34,1.4898021399836038e-34]]}
{"ts":1680169787809,"frame":309,"xyzv":[[7.336119620378404e-35,1.9110904761518064e-34,9.442665190124446e-35,9.104044756915893e-35],[3.63041270949701e-35,8.238803428510806e-35,3.877031998271377e-34,1.401298464324817e-45]]}
{"ts":1680169789337,"frame":310,"xyzv":[[1.279144942738485e-34,1.0985923394889174e-34,1.339333582537322e-34,7.110426426936078e-35],[4.232259790413586e-35,6.245144346529571e-35,3.877031998271377e-34,1.401298464324817e-45]]}
{"ts":1680169789643,"frame":311,"xyzv":[[1.0985913063395857e-34,1.0083041566468182e-34,9.405012062727819e-35,1.4446548917173738e-34]]}
{"ts":1680169791177,"frame":312,"xyzv":[[1.1437361439240416e-34,9.932663237396875e-35,2.016631272167676e-34,1.5499829737652672e-34]]}
{"ts":1680169791210,"frame":313,"xyzv":[[1.4446647640332107e-34,9.517816472517934e-35,9.706977505588612e-35,6.658969441513754e-35],[3.6115617519950295e-35,3.668019058187782e-35,3.877031998271377e-34,1.401298464324817e-45]]}
{"ts":1680169791276,"frame":314,"xyzv":[[1.1061129778580357e-34,1.5499721830944687e-34,1.1211535658300511e-34,7.148017565372799e-35],[2.3041963639576373e-35,8.765370370353347e-35,3.877031998271377e-34,1.401298464324817e-45]]}
{"ts":1680169791310,"frame":315,"xyzv":[[1.068497388220463e-34,1.6252153009841148e-34,1.0083168988219101e-34,1.4822709405324273e-34]]}
{"ts":1680169791344,"frame":316,"xyzv":[[1.0760331794464473e-34,1.9263383827563985e-34,9.932792955035198e-35,8.276529450332509e-35],[2.1443330065558004e-35,7.900261629445839e-35,3.877031998271377e-34,1.401298464324817e-45]]}
{"ts":1680169791376,"frame":317,"xyzv":[[1.497313939186217e-34,1.6703557763825032e-34,1.1888757009674684e-34,5.605797101714656e-35],[3.7808665158667217e-35,4.815760435085199e-35,3.877031998271377e-34,1.401298464324817e-45]]}
{"ts":1680169791810,"frame":318,"xyzv":[[1.6252080689387924e-34,1.5274216326297633e-34,1.497323237530203e-34,4.326299338479369e-35],[2.2195600532336189e-35,1.173808939879048e-34,3.877031998271377e-34,1.401298464324817e-45]]}
{"ts":1680169791843,"frame":319,"xyzv":[[1.0684972734260927e-34,1.5198921550941398e-34,7.561805352186668e-35,7.448973391747705e-35]]}
{"ts":1680169791910,"frame":320,"xyzv":[[7.749845418232367e-35,1.083534302772632e-34,1.2114335982718664e-34,1.5951270077891318e-34]]}
{"ts":1680169792076,"frame":321,"xyzv":[[1.3393380595177596e-34,1.7380721718014106e-34,1.1888624996148957e-34,6.658960831935989e-35],[2.76524226661552e-35,7.59932187428276e-35,3.877031998271377e-34,1.401298464324817e-45]]}
{"ts":1680169792510,"frame":322,"xyzv":[[2.13700304163558e-34,1.4898084536739647e-34,7.373733717689165e-35,1.0007851253988827e-34]]}
{"ts":1680169792609,"frame":323,"xyzv":[[9.292126722906714e-35,8.426990431350358e-35,1.2565802725662455e-34,7.787458367599425e-35]]}
{"ts":1680169793643,"frame":324,"xyzv":[[2.182150749079291e-34,1.7606436148414919e-34,1.5349375644297035e-34,1.1587815532596053e-34]]}
{"ts":1680169796143,"frame":325,"xyzv":[[1.5123640550909587e-34,9.028862480042452e-35,1.4897960558819833e-34,8.991204760871016e-35],[3.235436850099255e-35,9.442519401274296e-35,3.877031998271377e-34,1.401298464324817e-45]]}
{"ts":1680169797143,"frame":326,"xyzv":[[1.4446566136329267e-34,1.0910668797562509e-34,1.504839743301994e-34,7.035221765160448e-35]]}
{"ts":1680169797277,"frame":327,"xyzv":[[1.3694223349097858e-34,1.0083158656725783e-34,1.256575910380178e-34,1.03840920981985e-34]]}
{"ts":1680169797309,"frame":328,"xyzv":[[1.5499774636354978e-34,9.329780998247044e-35,1.0158347821261437e-34,7.787506581234908e-35],[2.5395131999325073e-35,6.846981956910606e-35,3.877031998271377e-34,1.401298464324817e-45]]}
{"ts":1680169797377,"frame":329,"xyzv":[[8.351708857346696e-35,7.749845992204218e-35,8.727871067412785e-35,1.58759270888996e-34]]}
{"ts":1680169797411,"frame":330,"xyzv":[[1.0007927018273157e-34,1.7982497913407085e-34,1.0007982119570852e-34,2.1670897277093804e-34],[1.1888757009674684e-34,1.6252150713953744e-34,9.631782601334449e-35,1.1211563208949359e-34],[9.932655201790961e-35,6.282833634152811e-35,1.6327430566041854e-34,1.3468573203544356e-34]]}
{"ts":1680169797443,"frame":331,"xyzv":[[1.6477850221086431e-34,1.5650337784362302e-34,1.3017175337222683e-34,8.652644594706817e-35]]}
{"ts":1680169797609,"frame":332,"xyzv":[[1.26411032407372e-34,6.997596762384519e-35,1.27162040136078e-34,1.1738177790455532e-34]]}
{"ts":1680169797676,"frame":333,"xyzv":[[1.3769443508113464e-34,1.3017194852265617e-34,1.18885343085965e-34,7.82511608677086e-35]]}
{"ts":1680169797710,"frame":334,"xyzv":[[1.0985857962098162e-34,9.179324035032152e-35,1.0609797345049698e-34,1.1888646807079294e-34]]}
{"ts":1680169797777,"frame":335,"xyzv":[[1.3092359909983529e-34,1.4747556974987083e-34,1.5875981042253592e-34,1.474758452563593e-34],[1.482263134515254e-34,7.260867892910993e-35,1.354376351602371e-34,9.404981642219717e-35],[8.953612474490594e-35,1.264103321617138e-34,7.749885596261936e-35,1.2791480421864804e-34],[1.534937794018444e-34,1.1211640121177391e-34,1.3694263527127427e-34,1.1813443867219217e-34]]}
{"ts":1680169797909,"frame":336,"xyzv":[[1.3167683383932313e-34,1.0835427975560266e-34,2.106905335302241e-34,1.4070461897420128e-34],[2.1219636016072667e-34,8.276573646165035e-35,1.2941944846713759e-34,8.351745017573308e-35],[7.486570843874786e-35,1.6552977396662178e-34,1.3318153548499778e-34,6.734255607292224e-35]]}
{"ts":1680169802309,"frame":337,"xyzv":[[1.6327391535955986e-34,1.8584378571676944e-34,1.4220998642722307e-34,3.6116162793208733e-35],[3.7620304816328667e-35,7.26079614642962e-35,3.877031998271377e-34,1.401298464324817e-45]]}
{"ts":1680169803543,"frame":338,"xyzv":[[7.373735439604718e-35,1.3543755480417797e-34,9.442603775136391e-35,9.292065307918659e-35],[9.329718435315286e-35,1.4145711902971986e-34,9.179326904891407e-35,9.141653688479995e-35],[8.464566072547102e-35,1.121158157604859e-34,1.429601905953377e-34,1.5876010888789844e-34],[1.1813436979557006e-34,8.389349357362601e-35,5.267236361578606e-35,1.2866707468542623e-34]]}
{"ts":1680169805276,"frame":339,"xyzv":[[1.5123680728939156e-34,1.459702941323452e-34,9.593050980829816e-35,1.5499837773258586e-34]]}
{"ts":1680169807076,"frame":340,"xyzv":[[1.0308786991348948e-34,1.3920041094431848e-34,1.7079720547862972e-34,9.367421498262949e-35],[4.6648419985021133e-35,8.803088930540987e-35,3.877031998271377e-34,1.401298464324817e-45]]}
{"ts":1680169812043,"frame":341,"xyzv":[[1.0609672219186182e-34,1.0007898319680608e-34,1.4070345955106229e-34,1.7230186120655629e-34]]}
{"ts":1680169812209,"frame":342,"xyzv":[[1.7004448731380777e-34,9.555495428647856e-35,1.4446622385570664e-34,1.1512518461352414e-34]]}
{"ts":1680169812477,"frame":343,"xyzv":[[9.367360657246745e-35,1.5499797595229017e-34,1.5650385997997785e-34,1.0684871715215154e-34],[1.9374569062762465e-35,5.944245343367913e-35,3.877031998271377e-34,1.401298464324817e-45]]}
{"ts":1680169812909,"frame":344,"xyzv":[[1.6252172524884082e-34,1.316769371542563e-34,1.181348634113619e-34,6.771902420998491e-35],[2.483106116276716e-35,7.74980064842799e-35,3.877031998271377e-34,1.401298464324817e-45]]}
{"ts":1680169813010,"frame":345,"xyzv":[[1.2490501062644008e-34,1.4296113190917332e-34,1.3092363353814635e-34,5.643388240151377e-35]]}
{"ts":1680169813343,"frame":346,"xyzv":[[1.361905484754884e-34,1.3543789918728856e-34,2.0768289807217583e-34,8.23892740643062e-35],[2.2383831731008266e-35,5.30471327961698e-35,3.877031998271377e-34,1.401298464324817e-45]]}
{"ts":1680169813476,"frame":347,"xyzv":[[1.677879055022136e-34,1.2490506802362518e-34,1.4822786317552306e-34,8.690321828921186e-35],[2.63359034315453e-35,3.950120196243676e-35,3.877031998271377e-34,1.401298464324817e-45]]}
{"ts":1680169813543,"frame":348,"xyzv":[[1.0384008298308257e-34,9.706875338599136e-35,1.587595004777364e-34,1.3167697159256737e-34]]}
{"ts":1680169814009,"frame":349,"xyzv":[[1.5198865301700002e-34,1.5048509931502734e-34,1.4596972016049421e-34,7.148066926951984e-35],[2.3418275369309644e-35,5.605688047062968e-35,3.877031998271377e-34,1.401298464324817e-45]]}
{"ts":1680169814276,"frame":350,"xyzv":[[1.557507974320453e-34,7.035210285723428e-35,1.5274183035930276e-34,1.399521763158678e-34]]}
{"ts":1680169814677,"frame":351,"xyzv":[[1.0007892579962098e-34,1.1361935798302156e-34,9.216930670708849e-35,1.3543777291348135e-34]]}
{"ts":1680169814710,"frame":352,"xyzv":[[1.0384127684453262e-34,8.351730668277033e-35,1.452181269805002e-34,6.282856019054999e-35],[4.175791291769739e-35,1.0308576917651487e-34,3.877031998271377e-34,1.401298464324817e-45]]}
{"ts":1680169814744,"frame":353,"xyzv":[[1.173809513850899e-34,9.857396012689488e-35,1.0233593235038487e-34,8.464591327308545e-35],[4.0629444080626506e-35,7.749834512767198e-35,3.877031998271377e-34,1.401298464324817e-45]]}
{"ts":1680169815077,"frame":354,"xyzv":[[7.110446515950863e-35,7.749833938795347e-35,1.0835421087898055e-34,9.141710511693242e-35]]}
{"ts":1680169815119,"frame":355,"xyzv":[[9.02887281153577e-35,8.57740090284532e-35,1.5951182834169968e-34,1.6252216146744757e-34]]}
{"ts":1680169816109,"frame":356,"xyzv":[[7.336056483474796e-35,9.329718435315286e-35,1.5048452534317636e-34,1.331810303897689e-34]]}
{"ts":1680169816343,"frame":357,"xyzv":[[8.351749035376265e-35,5.342455946622361e-35,1.0384057659887442e-34,1.0007758270548967e-34]]}
{"ts":1680169816909,"frame":358,"xyzv":[[1.4672359774845516e-34,1.805776972988928e-34,1.7380667764660113e-34,1.2565778618844713e-34]]}
{"ts":1680169817343,"frame":359,"xyzv":[[2.573367437236189e-34,1.1061204394920986e-34,1.2490510246193623e-34,9.442618124432665e-35],[2.558343781433778e-35,9.404851350609542e-35,3.877031998271377e-34,1.401298464324817e-45]]}
{"ts":1680169817477,"frame":360,"xyzv":[[1.3543789918728856e-34,8.915992637461324e-35,1.3618911354586093e-34,1.1512449584730295e-34]]}
{"ts":1680169817676,"frame":361,"xyzv":[[8.690280502947915e-35,1.136206092416567e-34,8.878378540150563e-35,7.59940911800411e-35]]}
{"ts":1680169817709,"frame":362,"xyzv":[[4.1946884540057244e-35,5.981940370709662e-35,1.4220788569024846e-34,1.3769490573805245e-34]]}
{"ts":1680169817777,"frame":363,"xyzv":[[1.0684940591837272e-34,8.577441080874889e-35,1.5951171354732948e-34,4.3263222973534085e-35],[2.7276040624870185e-35,8.61500352071906e-35,3.877031998271377e-34,1.401298464324817e-45]]}
{"ts":1680169817810,"frame":364,"xyzv":[[7.825130436067135e-35,1.076016189879658e-34,1.3393247433708167e-34,6.508589964498746e-35],[5.079074613500497e-35,7.373655083545579e-35,3.877031998271377e-34,1.401298464324817e-45]]}
{"ts":1680169817876,"frame":365,"xyzv":[[1.4220902215451341e-34,9.216910007722213e-35,1.2490541240673577e-34,1.098586255387297e-34],[2.577139924623989e-35,3.2542453336842624e-35,3.877031998271377e-34,1.401298464324817e-45]]}
{"ts":1680169818309,"frame":366,"xyzv":[[9.707030310998903e-35,1.121155861717455e-34,7.524218805524755e-35,9.066378428166693e-35]]}
{"ts":1680169818843,"frame":367,"xyzv":[[1.1663057502541997e-34,1.9263569794443705e-34,1.5951296480596463e-34,8.99123575535097e-35],[2.379437472945805e-35,7.411224985023814e-35,3.877031998271377e-34,1.401298464324817e-45]]}
{"ts":1680169819077,"frame":368,"xyzv":[[1.3844722212257872e-34,1.4145671724942417e-34,1.0083041566468182e-34,1.1888631883811169e-34]]}
{"ts":1680169819243,"frame":369,"xyzv":[[1.5048446794599126e-34,5.643380778517314e-35,1.1361964496894705e-34,8.426981821772593e-35],[3.197808977464071e-35,8.840659405991072e-35,3.877031998271377e-34,1.401298464324817e-45]]}
{"ts":1680169819309,"frame":370,"xyzv":[[1.0308795026954862e-34,5.003965805023982e-35,1.3242792192408828e-34,6.922345608888959e-35],[3.329457457093955e-35,6.922196950179553e-35,3.877031998271377e-34,1.401298464324817e-45]]}
{"ts":1680169819543,"frame":371,"xyzv":[[1.2490544684504683e-34,6.245276934027149e-35,1.2565712038109999e-34,9.32979075576851e-35]]}
{"ts":1680169819844,"frame":372,"xyzv":[[3.893762761152995e-35,1.34684251188068e-34,1.1963925511223702e-34,1.4446576467822585e-34],[1.0534566854540773e-34,1.316762369085981e-34,9.066471411606553e-35,1.3543791066672558e-34],[1.023359553092589e-34,1.0835426827616564e-34,1.865959873069255e-34,1.5951310255920887e-34],[1.5274034951192721e-34,1.2039165185282242e-34,9.480214428616045e-35,1.429613500184767e-34]]}
{"ts":1680169819876,"frame":373,"xyzv":[[1.1738143352144473e-34,6.207645617560859e-35,1.1813430091894794e-34,1.4822654304026579e-34],[1.3318098447202083e-34,1.5650311381657157e-34,1.8358671028938343e-34,2.302527569499484e-34],[9.93278262354188e-35,9.292155995471115e-35,1.091072734269131e-34,1.1286866019911508e-34]]}
{"ts":1680169820309,"frame":374,"xyzv":[[9.329769518810024e-35,1.143721794627767e-34,1.2415307306333546e-34,7.937980763605329e-35],[2.0785050359238268e-35,1.1512267061681681e-34,3.877031998271377e-34,1.401298464324817e-45]]}
{"ts":1680169821143,"frame":375,"xyzv":[[1.6252223034406969e-34,1.4973201380822076e-34,6.508551508384729e-35,1.519888711263034e-34]]}
{"ts":1680169821277,"frame":376,"xyzv":[[1.1963927807111106e-34,1.3017159266010856e-34,1.3694269266845937e-34,1.7606358088243185e-34]]}
{"ts":1680169825143,"frame":377,"xyzv":[[8.464613138238883e-35,8.840742057937615e-35,9.55543975337831e-35,6.884695351351587e-35]]}
{"ts":1680169827042,"frame":378,"xyzv":[[1.783205070771366e-34,1.6176951217924773e-34,8.314138955868461e-35,6.207614623080906e-35]]}
{"ts":1680169827277,"frame":379,"xyzv":[[9.254532714610738e-35,9.066451322591769e-35,1.1888683541277758e-34,7.298458457375863e-35]]}
{"ts":1680169827309,"frame":380,"xyzv":[[7.825147655222665e-35,5.079165875024804e-35,1.7831947392780482e-34,8.765566094754534e-35]]}
{"ts":1680169827877,"frame":381,"xyzv":[[1.2114425522327418e-34,1.0233581755601467e-34,1.4296178623708345e-34,1.0233556500840024e-34]]}
{"ts":1680169829043,"frame":382,"xyzv":[[1.256567186008043e-34,7.599452165892934e-35,8.615056326129351e-35,7.67464247837229e-35]]}
{"ts":1680169829509,"frame":383,"xyzv":[[8.126017959791773e-35,1.6628226254270334e-34,1.1136422258049188e-34,7.825089110093864e-35]]}
{"ts":1680169830709,"frame":384,"xyzv":[[1.6176930554938138e-34,1.1813476009642873e-34,1.369425434357781e-34,7.37374864095729e-35],[2.8404581208422445e-35,1.0007675618602424e-34,3.877031998271377e-34,1.401298464324817e-45]]}
{"ts":1680169831276,"frame":385,"xyzv":[[1.1888670913897036e-34,1.2264814182892042e-34,1.015833289799331e-34,1.3844696957496428e-34]]}
{"ts":1680169831642,"frame":386,"xyzv":[[1.5875993669634314e-34,1.5575006274807604e-34,7.110408059836847e-35,9.404984512078972e-35]]}
{"ts":1680169831777,"frame":387,"xyzv":[[1.173825240679616e-34,1.888531086520596e-34,1.3167674200382697e-34,8.238921092740259e-35],[3.1413987369630993e-35,5.643309606007792e-35,3.877031998271377e-34,1.401298464324817e-45]]}
